# JRE version: OpenJDK Runtime Environment (17.0.2+8) (build 17.0.2+8-86)
# Java VM: OpenJDK 64-Bit Server VM (17.0.2+8-86, mixed mode, emulated-client, sharing, tiered, compressed oops, compressed class ptrs, g1 gc, bsd-aarch64)
GC Precious Log:
 CPUs: 8 total, 8 available
 Memory: 16384M
 Large Page Support: Disabled
 NUMA Support: Disabled
 Compressed Oops: Enabled (Zero based)
 Heap Region Size: 2M
 Heap Min Capacity: 8M
 Heap Initial Capacity: 256M
 Heap Max Capacity: 4G
 Pre-touch: Disabled
 Parallel Workers: 8
 Concurrent Workers: 2
 Concurrent Refinement Workers: 8
 Periodic GC: Disabled
Heap:
 garbage-first heap   total 98304K, used 21669K [0x0000000700000000, 0x0000000800000000)
  region size 2048K, 2 young (4096K), 1 survivors (2048K)
 Metaspace       used 24271K, committed 24576K, reserved 1073152K
  class space    used 3208K, committed 3392K, reserved 1048576K
GC Heap History (12 events):
Event: 0.620 GC heap before
{Heap before GC invocations=0 (full 0):
 garbage-first heap   total 266240K, used 22496K [0x0000000700000000, 0x0000000800000000)
  region size 2048K, 11 young (22528K), 0 survivors (0K)
 Metaspace       used 5077K, committed 5184K, reserved 1056768K
  class space    used 588K, committed 640K, reserved 1048576K
}
Event: 0.625 GC heap after
{Heap after GC invocations=1 (full 0):
 garbage-first heap   total 266240K, used 11018K [0x0000000700000000, 0x0000000800000000)
  region size 2048K, 2 young (4096K), 2 survivors (4096K)
 Metaspace       used 5077K, committed 5184K, reserved 1056768K
  class space    used 588K, committed 640K, reserved 1048576K
}
Event: 0.863 GC heap before
{Heap before GC invocations=1 (full 0):
 garbage-first heap   total 266240K, used 33546K [0x0000000700000000, 0x0000000800000000)
  region size 2048K, 13 young (26624K), 2 survivors (4096K)
 Metaspace       used 9061K, committed 9280K, reserved 1064960K
  class space    used 1129K, committed 1216K, reserved 1048576K
}
Event: 0.866 GC heap after
{Heap after GC invocations=2 (full 0):
 garbage-first heap   total 266240K, used 12784K [0x0000000700000000, 0x0000000800000000)
  region size 2048K, 1 young (2048K), 1 survivors (2048K)
 Metaspace       used 9061K, committed 9280K, reserved 1064960K
  class space    used 1129K, committed 1216K, reserved 1048576K
}
Event: 1.261 GC heap before
{Heap before GC invocations=2 (full 0):
 garbage-first heap   total 266240K, used 61936K [0x0000000700000000, 0x0000000800000000)
  region size 2048K, 25 young (51200K), 1 survivors (2048K)
 Metaspace       used 17730K, committed 17984K, reserved 1064960K
  class space    used 2304K, committed 2432K, reserved 1048576K
}
Event: 1.267 GC heap after
{Heap after GC invocations=3 (full 0):
 garbage-first heap   total 266240K, used 14898K [0x0000000700000000, 0x0000000800000000)
  region size 2048K, 3 young (6144K), 3 survivors (6144K)
 Metaspace       used 17730K, committed 17984K, reserved 1064960K
  class space    used 2304K, committed 2432K, reserved 1048576K
}
Event: 1.678 GC heap before
{Heap before GC invocations=3 (full 0):
 garbage-first heap   total 266240K, used 64050K [0x0000000700000000, 0x0000000800000000)
  region size 2048K, 28 young (57344K), 3 survivors (6144K)
 Metaspace       used 21206K, committed 21504K, reserved 1073152K
  class space    used 2750K, committed 2944K, reserved 1048576K
}
Event: 1.684 GC heap after
{Heap after GC invocations=4 (full 0):
 garbage-first heap   total 266240K, used 18821K [0x0000000700000000, 0x0000000800000000)
  region size 2048K, 4 young (8192K), 4 survivors (8192K)
 Metaspace       used 21206K, committed 21504K, reserved 1073152K
  class space    used 2750K, committed 2944K, reserved 1048576K
}
Event: 2.052 GC heap before
{Heap before GC invocations=5 (full 0):
 garbage-first heap   total 81920K, used 59781K [0x0000000700000000, 0x0000000800000000)
  region size 2048K, 25 young (51200K), 4 survivors (8192K)
 Metaspace       used 23931K, committed 24256K, reserved 1073152K
  class space    used 3156K, committed 3328K, reserved 1048576K
}
Event: 2.061 GC heap after
{Heap after GC invocations=6 (full 0):
 garbage-first heap   total 81920K, used 20569K [0x0000000700000000, 0x0000000800000000)
  region size 2048K, 5 young (10240K), 5 survivors (10240K)
 Metaspace       used 23931K, committed 24256K, reserved 1073152K
  class space    used 3156K, committed 3328K, reserved 1048576K
}
Event: 2.083 GC heap before
{Heap before GC invocations=6 (full 0):
 garbage-first heap   total 81920K, used 22617K [0x0000000700000000, 0x0000000800000000)
  region size 2048K, 6 young (12288K), 5 survivors (10240K)
 Metaspace       used 24135K, committed 24512K, reserved 1073152K
  class space    used 3189K, committed 3392K, reserved 1048576K
}
Event: 2.095 GC heap after
{Heap after GC invocations=7 (full 0):
 garbage-first heap   total 98304K, used 21669K [0x0000000700000000, 0x0000000800000000)
  region size 2048K, 1 young (2048K), 1 survivors (2048K)
 Metaspace       used 24135K, committed 24512K, reserved 1073152K
  class space    used 3189K, committed 3392K, reserved 1048576K
}

