# JRE version: OpenJDK Runtime Environment (17.0.2+8) (build 17.0.2+8-86)
# Java VM: OpenJDK 64-Bit Server VM (17.0.2+8-86, mixed mode, emulated-client, sharing, tiered, compressed oops, compressed class ptrs, g1 gc, bsd-aarch64)
GC Precious Log:
 CPUs: 8 total, 8 available
 Memory: 16384M
 Large Page Support: Disabled
 NUMA Support: Disabled
 Compressed Oops: Enabled (Zero based)
 Heap Region Size: 2M
 Heap Min Capacity: 8M
 Heap Initial Capacity: 256M
 Heap Max Capacity: 4G
 Pre-touch: Disabled
 Parallel Workers: 8
 Concurrent Workers: 2
 Concurrent Refinement Workers: 8
 Periodic GC: Disabled
Heap:
 garbage-first heap   total 131072K, used 46113K [0x0000000700000000, 0x0000000800000000)
  region size 2048K, 8 young (16384K), 1 survivors (2048K)
 Metaspace       used 46101K, committed 46528K, reserved 1089536K
  class space    used 6396K, committed 6592K, reserved 1048576K
GC Heap History (20 events):
Event: 1.138 GC heap before
{Heap before GC invocations=2 (full 0):
 garbage-first heap   total 266240K, used 75146K [0x0000000700000000, 0x0000000800000000)
  region size 2048K, 31 young (63488K), 1 survivors (2048K)
 Metaspace       used 18255K, committed 18496K, reserved 1073152K
  class space    used 2374K, committed 2496K, reserved 1048576K
}
Event: 1.143 GC heap after
{Heap after GC invocations=3 (full 0):
 garbage-first heap   total 266240K, used 17051K [0x0000000700000000, 0x0000000800000000)
  region size 2048K, 3 young (6144K), 3 survivors (6144K)
 Metaspace       used 18255K, committed 18496K, reserved 1073152K
  class space    used 2374K, committed 2496K, reserved 1048576K
}
Event: 1.512 GC heap before
{Heap before GC invocations=3 (full 0):
 garbage-first heap   total 266240K, used 60059K [0x0000000700000000, 0x0000000800000000)
  region size 2048K, 25 young (51200K), 3 survivors (6144K)
 Metaspace       used 21204K, committed 21504K, reserved 1073152K
  class space    used 2746K, committed 2944K, reserved 1048576K
}
Event: 1.526 GC heap after
{Heap after GC invocations=4 (full 0):
 garbage-first heap   total 266240K, used 20220K [0x0000000700000000, 0x0000000800000000)
  region size 2048K, 4 young (8192K), 4 survivors (8192K)
 Metaspace       used 21204K, committed 21504K, reserved 1073152K
  class space    used 2746K, committed 2944K, reserved 1048576K
}
Event: 1.798 GC heap before
{Heap before GC invocations=5 (full 0):
 garbage-first heap   total 81920K, used 61180K [0x0000000700000000, 0x0000000800000000)
  region size 2048K, 25 young (51200K), 4 survivors (8192K)
 Metaspace       used 23941K, committed 24256K, reserved 1073152K
  class space    used 3153K, committed 3328K, reserved 1048576K
}
Event: 1.806 GC heap after
{Heap after GC invocations=6 (full 0):
 garbage-first heap   total 81920K, used 21910K [0x0000000700000000, 0x0000000800000000)
  region size 2048K, 5 young (10240K), 5 survivors (10240K)
 Metaspace       used 23941K, committed 24256K, reserved 1073152K
  class space    used 3153K, committed 3328K, reserved 1048576K
}
Event: 1.830 GC heap before
{Heap before GC invocations=6 (full 0):
 garbage-first heap   total 81920K, used 23958K [0x0000000700000000, 0x0000000800000000)
  region size 2048K, 6 young (12288K), 5 survivors (10240K)
 Metaspace       used 24167K, committed 24512K, reserved 1073152K
  class space    used 3192K, committed 3392K, reserved 1048576K
}
Event: 1.844 GC heap after
{Heap after GC invocations=7 (full 0):
 garbage-first heap   total 112640K, used 22951K [0x0000000700000000, 0x0000000800000000)
  region size 2048K, 1 young (2048K), 1 survivors (2048K)
 Metaspace       used 24167K, committed 24512K, reserved 1073152K
  class space    used 3192K, committed 3392K, reserved 1048576K
}
Event: 2.269 GC heap before
{Heap before GC invocations=7 (full 0):
 garbage-first heap   total 112640K, used 78247K [0x0000000700000000, 0x0000000800000000)
  region size 2048K, 28 young (57344K), 1 survivors (2048K)
 Metaspace       used 29811K, committed 30144K, reserved 1081344K
  class space    used 4054K, committed 4224K, reserved 1048576K
}
Event: 2.274 GC heap after
{Heap after GC invocations=8 (full 0):
 garbage-first heap   total 112640K, used 25053K [0x0000000700000000, 0x0000000800000000)
  region size 2048K, 2 young (4096K), 2 survivors (4096K)
 Metaspace       used 29811K, committed 30144K, reserved 1081344K
  class space    used 4054K, committed 4224K, reserved 1048576K
}
Event: 2.607 GC heap before
{Heap before GC invocations=8 (full 0):
 garbage-first heap   total 112640K, used 80349K [0x0000000700000000, 0x0000000800000000)
  region size 2048K, 29 young (59392K), 2 survivors (4096K)
 Metaspace       used 31850K, committed 32192K, reserved 1081344K
  class space    used 4345K, committed 4480K, reserved 1048576K
}
Event: 2.614 GC heap after
{Heap after GC invocations=9 (full 0):
 garbage-first heap   total 112640K, used 26962K [0x0000000700000000, 0x0000000800000000)
  region size 2048K, 3 young (6144K), 3 survivors (6144K)
 Metaspace       used 31850K, committed 32192K, reserved 1081344K
  class space    used 4345K, committed 4480K, reserved 1048576K
}
Event: 2.910 GC heap before
{Heap before GC invocations=9 (full 0):
 garbage-first heap   total 112640K, used 82258K [0x0000000700000000, 0x0000000800000000)
  region size 2048K, 30 young (61440K), 3 survivors (6144K)
 Metaspace       used 33702K, committed 34112K, reserved 1081344K
  class space    used 4700K, committed 4864K, reserved 1048576K
}
Event: 2.919 GC heap after
{Heap after GC invocations=10 (full 0):
 garbage-first heap   total 112640K, used 29782K [0x0000000700000000, 0x0000000800000000)
  region size 2048K, 3 young (6144K), 3 survivors (6144K)
 Metaspace       used 33702K, committed 34112K, reserved 1081344K
  class space    used 4700K, committed 4864K, reserved 1048576K
}
Event: 2.972 GC heap before
{Heap before GC invocations=10 (full 0):
 garbage-first heap   total 112640K, used 40022K [0x0000000700000000, 0x0000000800000000)
  region size 2048K, 9 young (18432K), 3 survivors (6144K)
 Metaspace       used 35526K, committed 35968K, reserved 1081344K
  class space    used 4888K, committed 5120K, reserved 1048576K
}
Event: 2.978 GC heap after
{Heap after GC invocations=11 (full 0):
 garbage-first heap   total 225280K, used 30762K [0x0000000700000000, 0x0000000800000000)
  region size 2048K, 2 young (4096K), 2 survivors (4096K)
 Metaspace       used 35526K, committed 35968K, reserved 1081344K
  class space    used 4888K, committed 5120K, reserved 1048576K
}
Event: 3.391 GC heap before
{Heap before GC invocations=12 (full 0):
 garbage-first heap   total 131072K, used 104490K [0x0000000700000000, 0x0000000800000000)
  region size 2048K, 38 young (77824K), 2 survivors (4096K)
 Metaspace       used 43840K, committed 44224K, reserved 1089536K
  class space    used 6099K, committed 6272K, reserved 1048576K
}
Event: 3.394 GC heap after
{Heap after GC invocations=13 (full 0):
 garbage-first heap   total 131072K, used 33348K [0x0000000700000000, 0x0000000800000000)
  region size 2048K, 4 young (8192K), 4 survivors (8192K)
 Metaspace       used 43840K, committed 44224K, reserved 1089536K
  class space    used 6099K, committed 6272K, reserved 1048576K
}
Event: 3.407 GC heap before
{Heap before GC invocations=13 (full 0):
 garbage-first heap   total 131072K, used 35396K [0x0000000700000000, 0x0000000800000000)
  region size 2048K, 5 young (10240K), 4 survivors (8192K)
 Metaspace       used 44170K, committed 44608K, reserved 1089536K
  class space    used 6139K, committed 6336K, reserved 1048576K
}
Event: 3.410 GC heap after
{Heap after GC invocations=14 (full 0):
 garbage-first heap   total 131072K, used 33825K [0x0000000700000000, 0x0000000800000000)
  region size 2048K, 1 young (2048K), 1 survivors (2048K)
 Metaspace       used 44170K, committed 44608K, reserved 1089536K
  class space    used 6139K, committed 6336K, reserved 1048576K
}

